2017-02-06 18:42:17 INFO  Main:25 - Starting GUI
2017-02-06 18:42:19 INFO  ServerFinder:131 - Found server on 10.1.1.72
2017-02-06 18:42:19 INFO  GUIController:72 - Server: 10.1.1.72
2017-02-06 18:42:19 INFO  Client:31 - Register Client @ 10.1.1.72
2017-02-06 18:42:19 INFO  Client:39 - Registered successful
2017-02-06 18:42:19 DEBUG GUIController:221 - Ping received
2017-02-06 18:42:20 DEBUG GUIController:221 - Ping received
2017-02-06 18:42:21 DEBUG GUIController:221 - Ping received
2017-02-06 18:42:22 DEBUG GUIController:221 - Ping received
2017-02-06 18:42:23 DEBUG GUIController:221 - Ping received
2017-02-06 18:42:24 DEBUG GUIController:221 - Ping received
2017-02-06 18:42:25 DEBUG GUIController:221 - Ping received
2017-02-06 18:42:26 DEBUG GUIController:221 - Ping received
2017-02-06 18:42:27 DEBUG GUIController:221 - Ping received
2017-02-06 18:42:28 DEBUG GUIController:221 - Ping received
2017-02-06 18:42:29 DEBUG GUIController:221 - Ping received
2017-02-06 18:42:30 DEBUG GUIController:221 - Ping received
2017-02-06 18:42:31 DEBUG GUIController:221 - Ping received
2017-02-06 18:42:32 DEBUG GUIController:221 - Ping received
2017-02-06 18:42:33 DEBUG GUIController:221 - Ping received
2017-02-06 18:42:34 DEBUG GUIController:221 - Ping received
2017-02-06 18:42:35 DEBUG GUIController:221 - Ping received
2017-02-06 18:42:36 DEBUG GUIController:221 - Ping received
2017-02-06 18:42:37 DEBUG GUIController:221 - Ping received
2017-02-06 18:42:38 DEBUG GUIController:221 - Ping received
2017-02-06 18:42:39 DEBUG GUIController:221 - Ping received
2017-02-06 18:42:40 DEBUG GUIController:221 - Ping received
2017-02-06 18:42:41 DEBUG GUIController:221 - Ping received
2017-02-06 18:42:42 DEBUG GUIController:221 - Ping received
2017-02-06 18:42:43 DEBUG GUIController:221 - Ping received
2017-02-06 18:42:44 DEBUG GUIController:221 - Ping received
2017-02-06 18:42:45 DEBUG GUIController:221 - Ping received
2017-02-06 18:42:46 DEBUG GUIController:221 - Ping received
2017-02-06 18:42:47 DEBUG GUIController:221 - Ping received
2017-02-06 18:42:48 DEBUG GUIController:221 - Ping received
2017-02-06 18:42:49 DEBUG GUIController:221 - Ping received
2017-02-06 18:42:50 DEBUG GUIController:221 - Ping received
2017-02-06 18:42:51 DEBUG GUIController:221 - Ping received
2017-02-06 18:42:52 DEBUG GUIController:221 - Ping received
2017-02-06 18:42:53 DEBUG GUIController:221 - Ping received
2017-02-06 18:42:54 DEBUG GUIController:221 - Ping received
2017-02-06 18:42:55 DEBUG GUIController:221 - Ping received
2017-02-06 18:42:56 DEBUG GUIController:221 - Ping received
2017-02-06 18:42:57 DEBUG GUIController:221 - Ping received
2017-02-06 18:42:58 DEBUG GUIController:221 - Ping received
2017-02-06 18:42:59 DEBUG GUIController:221 - Ping received
2017-02-06 18:43:00 DEBUG GUIController:221 - Ping received
2017-02-06 18:43:01 DEBUG GUIController:221 - Ping received
2017-02-06 18:43:02 DEBUG GUIController:221 - Ping received
2017-02-06 18:43:03 DEBUG GUIController:221 - Ping received
2017-02-06 18:43:04 DEBUG GUIController:221 - Ping received
2017-02-06 18:43:05 DEBUG GUIController:221 - Ping received
2017-02-06 18:43:06 DEBUG GUIController:221 - Ping received
2017-02-06 18:43:07 DEBUG GUIController:221 - Ping received
2017-02-06 18:43:08 DEBUG GUIController:221 - Ping received
2017-02-06 18:43:09 DEBUG GUIController:221 - Ping received
2017-02-06 18:43:10 DEBUG GUIController:221 - Ping received
2017-02-06 18:43:11 DEBUG GUIController:221 - Ping received
2017-02-06 18:43:12 DEBUG GUIController:221 - Ping received
2017-02-06 18:43:13 DEBUG GUIController:221 - Ping received
2017-02-06 18:43:14 DEBUG GUIController:221 - Ping received
2017-02-06 18:43:15 DEBUG GUIController:221 - Ping received
2017-02-06 18:43:16 DEBUG GUIController:221 - Ping received
2017-02-06 18:43:17 DEBUG GUIController:221 - Ping received
2017-02-06 18:43:18 DEBUG GUIController:221 - Ping received
2017-02-06 18:43:19 DEBUG GUIController:221 - Ping received
2017-02-06 18:43:20 DEBUG GUIController:221 - Ping received
2017-02-06 18:43:21 DEBUG GUIController:221 - Ping received
2017-02-06 18:43:21 INFO  Main:44 - Terminating client
2017-03-16 15:25:35 INFO  Main:25 - Starting GUI
2017-03-16 15:25:38 ERROR ServerFinder:135 - No server found
2017-03-16 15:25:38 ERROR GUIController:83 - Unable to find Server
2017-04-22 20:33:17 INFO  Main:25 - Starting GUI
2017-04-22 20:33:20 INFO  ServerFinder:131 - Found server on 10.1.1.72
2017-04-22 20:33:20 INFO  GUIController:99 - Server: 10.1.1.72
2017-04-22 20:33:20 INFO  Client:31 - Register Client @ 10.1.1.72
2017-04-22 20:33:20 INFO  Client:39 - Registered successful
2017-04-22 20:33:20 FATAL Main:28 - Unexpected error during startup
java.lang.RuntimeException: Exception in Application start method
	at com.sun.javafx.application.LauncherImpl.launchApplication1(LauncherImpl.java:917)
	at com.sun.javafx.application.LauncherImpl.lambda$launchApplication$155(LauncherImpl.java:182)
	at java.lang.Thread.run(Thread.java:745)
Caused by: javafx.fxml.LoadException: 
/C:/Users/Florian/WORKSPACE/Mimimi-Gui/bin/gui/Mimimi.fxml

	at javafx.fxml.FXMLLoader.constructLoadException(FXMLLoader.java:2601)
	at javafx.fxml.FXMLLoader.loadImpl(FXMLLoader.java:2579)
	at javafx.fxml.FXMLLoader.loadImpl(FXMLLoader.java:2441)
	at javafx.fxml.FXMLLoader.load(FXMLLoader.java:2409)
	at main.Main.start(Main.java:35)
	at com.sun.javafx.application.LauncherImpl.lambda$launchApplication1$162(LauncherImpl.java:863)
	at com.sun.javafx.application.PlatformImpl.lambda$runAndWait$175(PlatformImpl.java:326)
	at com.sun.javafx.application.PlatformImpl.lambda$null$173(PlatformImpl.java:295)
	at java.security.AccessController.doPrivileged(Native Method)
	at com.sun.javafx.application.PlatformImpl.lambda$runLater$174(PlatformImpl.java:294)
	at com.sun.glass.ui.InvokeLaterDispatcher$Future.run(InvokeLaterDispatcher.java:95)
	at com.sun.glass.ui.win.WinApplication._runLoop(Native Method)
	at com.sun.glass.ui.win.WinApplication.lambda$null$148(WinApplication.java:191)
	... 1 more
Caused by: java.lang.StringIndexOutOfBoundsException: String index out of range: -2
	at java.lang.AbstractStringBuilder.delete(AbstractStringBuilder.java:729)
	at java.lang.StringBuilder.delete(StringBuilder.java:244)
	at gui.GUIController.initialize(GUIController.java:108)
	at javafx.fxml.FXMLLoader.loadImpl(FXMLLoader.java:2548)
	... 12 more
2017-04-22 20:33:21 DEBUG GUIController:284 - Ping received
2017-04-22 20:33:22 DEBUG GUIController:284 - Ping received
2017-04-22 20:34:30 INFO  Main:25 - Starting GUI
2017-04-22 20:34:33 INFO  ServerFinder:131 - Found server on 10.1.1.72
2017-04-22 20:34:33 INFO  GUIController:99 - Server: 10.1.1.72
2017-04-22 20:34:33 INFO  Client:31 - Register Client @ 10.1.1.72
2017-04-22 20:34:33 INFO  Client:39 - Registered successful
2017-04-22 20:34:34 DEBUG GUIController:275 - Ping received
2017-04-22 20:34:35 DEBUG GUIController:275 - Ping received
2017-04-22 20:34:36 DEBUG GUIController:275 - Ping received
2017-04-22 20:34:37 DEBUG GUIController:275 - Ping received
2017-04-22 20:34:38 DEBUG GUIController:275 - Ping received
2017-04-22 20:34:39 DEBUG GUIController:275 - Ping received
2017-04-22 20:34:40 DEBUG GUIController:275 - Ping received
2017-04-22 20:34:41 DEBUG GUIController:275 - Ping received
2017-04-22 20:34:42 DEBUG GUIController:275 - Ping received
2017-04-22 20:34:43 DEBUG GUIController:275 - Ping received
2017-04-22 20:34:44 DEBUG GUIController:275 - Ping received
2017-04-22 20:34:45 DEBUG GUIController:275 - Ping received
2017-04-22 20:34:46 DEBUG GUIController:275 - Ping received
2017-04-22 20:34:47 DEBUG GUIController:275 - Ping received
2017-04-22 20:34:48 DEBUG GUIController:275 - Ping received
2017-04-22 20:34:49 DEBUG GUIController:275 - Ping received
2017-04-22 20:34:50 DEBUG GUIController:275 - Ping received
2017-04-22 20:34:51 DEBUG GUIController:275 - Ping received
2017-04-22 20:34:52 DEBUG GUIController:275 - Ping received
2017-04-22 20:34:53 DEBUG GUIController:275 - Ping received
2017-04-22 20:34:54 DEBUG GUIController:275 - Ping received
2017-04-22 20:34:55 DEBUG GUIController:275 - Ping received
2017-04-22 20:34:56 DEBUG GUIController:275 - Ping received
2017-04-22 20:34:57 DEBUG GUIController:275 - Ping received
2017-04-22 20:34:58 DEBUG GUIController:275 - Ping received
2017-04-22 20:34:58 INFO  AddLightController:62 - Sending ON MESSAGE
2017-04-22 20:34:59 DEBUG GUIController:275 - Ping received
2017-04-22 20:35:00 DEBUG GUIController:275 - Ping received
2017-04-22 20:35:01 DEBUG GUIController:275 - Ping received
2017-04-22 20:35:02 DEBUG GUIController:275 - Ping received
2017-04-22 20:35:03 DEBUG GUIController:275 - Ping received
2017-04-22 20:35:04 DEBUG GUIController:275 - Ping received
2017-04-22 20:35:04 INFO  AddLightController:147 - Adding Bulb to Server
2017-04-22 20:35:05 DEBUG GUIController:275 - Ping received
2017-04-22 20:35:06 DEBUG GUIController:275 - Ping received
2017-04-22 20:35:07 DEBUG GUIController:275 - Ping received
2017-04-22 20:35:08 DEBUG GUIController:275 - Ping received
2017-04-22 20:35:09 DEBUG GUIController:275 - Ping received
2017-04-22 20:35:10 DEBUG GUIController:275 - Ping received
2017-04-22 20:35:11 DEBUG GUIController:275 - Ping received
2017-04-22 20:35:12 DEBUG GUIController:275 - Ping received
2017-04-22 20:35:13 DEBUG GUIController:275 - Ping received
2017-04-22 20:35:14 DEBUG GUIController:275 - Ping received
2017-04-22 20:35:15 DEBUG GUIController:275 - Ping received
2017-04-22 20:35:16 DEBUG GUIController:275 - Ping received
2017-04-22 20:35:17 DEBUG GUIController:275 - Ping received
2017-04-22 20:35:18 DEBUG GUIController:275 - Ping received
2017-04-22 20:35:19 DEBUG GUIController:275 - Ping received
2017-04-22 20:35:20 DEBUG GUIController:275 - Ping received
2017-04-22 20:35:21 DEBUG GUIController:275 - Ping received
2017-04-22 20:35:22 DEBUG GUIController:275 - Ping received
2017-04-22 20:35:23 DEBUG GUIController:275 - Ping received
2017-04-22 20:35:24 DEBUG GUIController:275 - Ping received
2017-04-22 20:35:25 DEBUG GUIController:275 - Ping received
2017-04-22 20:35:26 DEBUG GUIController:275 - Ping received
2017-04-22 20:35:27 DEBUG GUIController:275 - Ping received
2017-04-22 20:35:28 DEBUG GUIController:275 - Ping received
2017-04-22 20:35:29 DEBUG GUIController:275 - Ping received
2017-04-22 20:35:30 DEBUG GUIController:275 - Ping received
2017-04-22 20:35:31 DEBUG GUIController:275 - Ping received
2017-04-22 20:35:32 DEBUG GUIController:275 - Ping received
2017-04-22 20:35:33 DEBUG GUIController:275 - Ping received
2017-04-22 20:35:34 DEBUG GUIController:275 - Ping received
2017-04-22 20:35:35 DEBUG GUIController:275 - Ping received
2017-04-22 20:35:36 DEBUG GUIController:275 - Ping received
2017-04-22 20:35:37 DEBUG GUIController:275 - Ping received
2017-04-22 20:35:38 DEBUG GUIController:275 - Ping received
2017-04-22 20:35:39 DEBUG GUIController:275 - Ping received
2017-04-22 20:35:40 DEBUG GUIController:275 - Ping received
2017-04-22 20:35:41 DEBUG GUIController:275 - Ping received
2017-04-22 20:35:42 DEBUG GUIController:275 - Ping received
2017-04-22 20:35:43 DEBUG GUIController:275 - Ping received
2017-04-22 20:35:44 DEBUG GUIController:275 - Ping received
2017-04-22 20:35:45 DEBUG GUIController:275 - Ping received
2017-04-22 20:35:46 DEBUG GUIController:275 - Ping received
2017-04-22 20:35:47 DEBUG GUIController:275 - Ping received
2017-04-22 20:35:48 DEBUG GUIController:275 - Ping received
2017-04-22 20:35:49 DEBUG GUIController:275 - Ping received
2017-04-22 20:35:50 DEBUG GUIController:275 - Ping received
2017-04-22 20:35:51 DEBUG GUIController:275 - Ping received
2017-04-22 20:35:52 DEBUG GUIController:275 - Ping received
2017-04-22 20:35:53 DEBUG GUIController:275 - Ping received
2017-04-22 20:35:54 DEBUG GUIController:275 - Ping received
2017-04-22 20:35:55 DEBUG GUIController:275 - Ping received
2017-04-22 20:35:56 DEBUG GUIController:275 - Ping received
2017-04-22 20:35:57 DEBUG GUIController:275 - Ping received
2017-04-22 20:35:58 DEBUG GUIController:275 - Ping received
2017-04-22 20:35:59 DEBUG GUIController:275 - Ping received
2017-04-22 20:36:00 DEBUG GUIController:275 - Ping received
2017-04-22 20:36:01 DEBUG GUIController:275 - Ping received
2017-04-22 20:36:02 DEBUG GUIController:275 - Ping received
2017-04-22 20:36:03 DEBUG GUIController:275 - Ping received
2017-04-22 20:36:04 DEBUG GUIController:275 - Ping received
2017-04-22 20:36:05 DEBUG GUIController:275 - Ping received
2017-04-22 20:36:06 DEBUG GUIController:275 - Ping received
2017-04-22 20:36:07 DEBUG GUIController:275 - Ping received
2017-04-22 20:36:08 DEBUG GUIController:275 - Ping received
2017-04-22 20:36:09 DEBUG GUIController:275 - Ping received
2017-04-22 20:36:10 DEBUG GUIController:275 - Ping received
2017-04-22 20:36:11 DEBUG GUIController:275 - Ping received
2017-04-22 20:36:12 DEBUG GUIController:275 - Ping received
2017-04-22 20:36:13 DEBUG GUIController:275 - Ping received
2017-04-22 20:36:14 DEBUG GUIController:275 - Ping received
2017-04-22 20:36:15 DEBUG GUIController:275 - Ping received
2017-04-22 20:36:16 DEBUG GUIController:275 - Ping received
2017-04-22 20:36:17 DEBUG GUIController:275 - Ping received
2017-04-22 20:36:18 DEBUG GUIController:275 - Ping received
2017-04-22 20:36:19 DEBUG GUIController:275 - Ping received
2017-04-22 20:36:20 DEBUG GUIController:275 - Ping received
2017-04-22 20:36:21 DEBUG GUIController:275 - Ping received
2017-04-22 20:36:22 DEBUG GUIController:275 - Ping received
2017-04-22 20:36:23 DEBUG GUIController:275 - Ping received
2017-04-22 20:36:24 DEBUG GUIController:275 - Ping received
2017-04-22 20:36:25 DEBUG GUIController:275 - Ping received
2017-04-22 20:36:26 DEBUG GUIController:275 - Ping received
2017-04-22 20:36:27 DEBUG GUIController:275 - Ping received
2017-04-22 20:36:28 DEBUG GUIController:275 - Ping received
2017-04-22 20:36:29 DEBUG GUIController:275 - Ping received
2017-04-22 20:36:30 DEBUG GUIController:275 - Ping received
2017-04-22 20:36:31 DEBUG GUIController:275 - Ping received
2017-04-22 20:36:32 DEBUG GUIController:275 - Ping received
2017-04-22 20:36:33 DEBUG GUIController:275 - Ping received
2017-04-22 20:36:34 DEBUG GUIController:275 - Ping received
2017-04-22 20:36:35 DEBUG GUIController:275 - Ping received
2017-04-22 20:36:36 DEBUG GUIController:275 - Ping received
2017-04-22 20:36:37 DEBUG GUIController:275 - Ping received
2017-04-22 20:36:38 DEBUG GUIController:275 - Ping received
2017-04-22 20:36:39 DEBUG GUIController:275 - Ping received
2017-04-22 20:36:40 DEBUG GUIController:275 - Ping received
2017-04-22 20:36:41 DEBUG GUIController:275 - Ping received
2017-04-22 20:36:42 DEBUG GUIController:275 - Ping received
2017-04-22 20:36:43 DEBUG GUIController:275 - Ping received
2017-04-22 20:36:44 DEBUG GUIController:275 - Ping received
2017-04-22 20:36:45 DEBUG GUIController:275 - Ping received
2017-04-22 20:36:46 DEBUG GUIController:275 - Ping received
2017-04-22 20:36:47 DEBUG GUIController:275 - Ping received
2017-04-22 20:36:48 DEBUG GUIController:275 - Ping received
2017-04-22 20:36:49 DEBUG GUIController:275 - Ping received
2017-04-22 20:36:50 DEBUG GUIController:275 - Ping received
2017-04-22 20:36:51 DEBUG GUIController:275 - Ping received
2017-04-22 20:36:52 DEBUG GUIController:275 - Ping received
2017-04-22 20:36:53 DEBUG GUIController:275 - Ping received
2017-04-22 20:36:54 DEBUG GUIController:275 - Ping received
2017-04-22 20:36:55 DEBUG GUIController:275 - Ping received
2017-04-22 20:36:56 DEBUG GUIController:275 - Ping received
2017-04-22 20:36:57 DEBUG GUIController:275 - Ping received
2017-04-22 20:36:58 DEBUG GUIController:275 - Ping received
2017-04-22 20:36:59 DEBUG GUIController:275 - Ping received
2017-04-22 20:37:00 DEBUG GUIController:275 - Ping received
2017-04-22 20:37:01 DEBUG GUIController:275 - Ping received
2017-04-22 20:37:02 DEBUG GUIController:275 - Ping received
2017-04-22 20:37:03 DEBUG GUIController:275 - Ping received
2017-04-22 20:37:04 DEBUG GUIController:275 - Ping received
2017-04-22 20:37:05 DEBUG GUIController:275 - Ping received
2017-04-22 20:37:06 DEBUG GUIController:275 - Ping received
2017-04-22 20:37:07 DEBUG GUIController:275 - Ping received
2017-04-22 20:37:08 DEBUG GUIController:275 - Ping received
2017-04-22 20:37:09 DEBUG GUIController:275 - Ping received
2017-04-22 20:37:10 DEBUG GUIController:275 - Ping received
2017-04-22 20:37:11 DEBUG GUIController:275 - Ping received
2017-04-22 20:37:12 DEBUG GUIController:275 - Ping received
2017-04-22 20:37:13 DEBUG GUIController:275 - Ping received
2017-04-22 20:37:14 DEBUG GUIController:275 - Ping received
2017-04-22 20:37:15 DEBUG GUIController:275 - Ping received
2017-04-22 20:37:16 DEBUG GUIController:275 - Ping received
2017-04-22 20:37:17 DEBUG GUIController:275 - Ping received
2017-04-22 20:37:18 DEBUG GUIController:275 - Ping received
2017-04-22 20:37:19 DEBUG GUIController:275 - Ping received
2017-04-22 20:37:20 DEBUG GUIController:275 - Ping received
2017-04-22 20:37:21 DEBUG GUIController:275 - Ping received
2017-04-22 20:37:22 DEBUG GUIController:275 - Ping received
2017-04-22 20:37:23 DEBUG GUIController:275 - Ping received
2017-04-22 20:37:24 DEBUG GUIController:275 - Ping received
2017-04-22 20:37:25 DEBUG GUIController:275 - Ping received
2017-04-22 20:37:26 DEBUG GUIController:275 - Ping received
2017-04-22 20:37:27 DEBUG GUIController:275 - Ping received
2017-04-22 20:37:28 DEBUG GUIController:275 - Ping received
2017-04-22 20:37:29 DEBUG GUIController:275 - Ping received
2017-04-22 20:37:30 DEBUG GUIController:275 - Ping received
2017-04-22 20:37:31 DEBUG GUIController:275 - Ping received
2017-04-22 20:37:32 DEBUG GUIController:275 - Ping received
2017-04-22 20:37:33 DEBUG GUIController:275 - Ping received
2017-04-22 20:37:34 DEBUG GUIController:275 - Ping received
2017-04-22 20:37:35 DEBUG GUIController:275 - Ping received
2017-04-22 20:37:36 DEBUG GUIController:275 - Ping received
2017-04-22 20:37:37 DEBUG GUIController:275 - Ping received
2017-04-22 20:37:38 DEBUG GUIController:275 - Ping received
2017-04-22 20:37:39 DEBUG GUIController:275 - Ping received
2017-04-22 20:37:40 DEBUG GUIController:275 - Ping received
2017-04-22 20:37:41 DEBUG GUIController:275 - Ping received
2017-04-22 20:37:42 DEBUG GUIController:275 - Ping received
2017-04-22 20:37:44 DEBUG GUIController:275 - Ping received
2017-04-22 20:37:45 DEBUG GUIController:275 - Ping received
2017-04-22 20:37:46 DEBUG GUIController:275 - Ping received
2017-04-22 20:37:47 DEBUG GUIController:275 - Ping received
2017-04-22 20:37:48 DEBUG GUIController:275 - Ping received
2017-04-22 20:37:49 DEBUG GUIController:275 - Ping received
2017-04-22 20:37:50 DEBUG GUIController:275 - Ping received
2017-04-22 20:37:51 DEBUG GUIController:275 - Ping received
2017-04-22 20:37:52 DEBUG GUIController:275 - Ping received
2017-04-22 20:37:53 DEBUG GUIController:275 - Ping received
2017-04-22 20:37:54 DEBUG GUIController:275 - Ping received
2017-04-22 20:37:55 DEBUG GUIController:275 - Ping received
2017-04-22 20:37:56 DEBUG GUIController:275 - Ping received
2017-04-22 20:37:57 DEBUG GUIController:275 - Ping received
2017-04-22 20:37:58 DEBUG GUIController:275 - Ping received
2017-04-22 20:37:59 DEBUG GUIController:275 - Ping received
2017-04-22 20:38:00 DEBUG GUIController:275 - Ping received
2017-04-22 20:38:01 DEBUG GUIController:275 - Ping received
2017-04-22 20:38:02 DEBUG GUIController:275 - Ping received
2017-04-22 20:38:03 DEBUG GUIController:275 - Ping received
2017-04-22 20:38:04 DEBUG GUIController:275 - Ping received
2017-04-22 20:38:05 DEBUG GUIController:275 - Ping received
2017-04-22 20:38:06 DEBUG GUIController:275 - Ping received
2017-04-22 20:38:07 DEBUG GUIController:275 - Ping received
2017-04-22 20:38:08 DEBUG GUIController:275 - Ping received
2017-04-22 20:38:09 DEBUG GUIController:275 - Ping received
2017-04-22 20:38:10 DEBUG GUIController:275 - Ping received
2017-04-22 20:38:11 DEBUG GUIController:275 - Ping received
2017-04-22 20:38:12 DEBUG GUIController:275 - Ping received
2017-04-22 20:38:13 DEBUG GUIController:275 - Ping received
2017-04-22 20:38:14 DEBUG GUIController:275 - Ping received
2017-04-22 20:38:15 DEBUG GUIController:275 - Ping received
2017-04-22 20:38:16 DEBUG GUIController:275 - Ping received
2017-04-22 20:38:17 DEBUG GUIController:275 - Ping received
2017-04-22 20:38:18 DEBUG GUIController:275 - Ping received
2017-04-22 20:38:19 DEBUG GUIController:275 - Ping received
2017-04-22 20:38:20 DEBUG GUIController:275 - Ping received
2017-04-22 20:38:21 DEBUG GUIController:275 - Ping received
2017-04-22 20:38:22 DEBUG GUIController:275 - Ping received
2017-04-22 20:38:23 DEBUG GUIController:275 - Ping received
2017-04-22 20:38:24 DEBUG GUIController:275 - Ping received
2017-04-22 20:38:25 DEBUG GUIController:275 - Ping received
2017-04-22 20:38:26 DEBUG GUIController:275 - Ping received
2017-04-22 20:38:27 DEBUG GUIController:275 - Ping received
2017-04-22 20:38:28 DEBUG GUIController:275 - Ping received
2017-04-22 20:38:29 DEBUG GUIController:275 - Ping received
2017-04-22 20:38:30 DEBUG GUIController:275 - Ping received
2017-04-22 20:38:31 DEBUG GUIController:275 - Ping received
2017-04-22 20:38:32 DEBUG GUIController:275 - Ping received
2017-04-22 20:38:33 DEBUG GUIController:275 - Ping received
2017-04-22 20:38:34 DEBUG GUIController:275 - Ping received
2017-04-22 20:38:35 DEBUG GUIController:275 - Ping received
2017-04-22 20:38:36 DEBUG GUIController:275 - Ping received
2017-04-22 20:38:37 DEBUG GUIController:275 - Ping received
2017-04-22 20:38:38 DEBUG GUIController:275 - Ping received
2017-04-22 20:38:39 DEBUG GUIController:275 - Ping received
2017-04-22 20:38:40 DEBUG GUIController:275 - Ping received
2017-04-22 20:38:41 DEBUG GUIController:275 - Ping received
2017-04-22 20:38:42 DEBUG GUIController:275 - Ping received
2017-04-22 20:38:43 DEBUG GUIController:275 - Ping received
2017-04-22 20:38:44 DEBUG GUIController:275 - Ping received
2017-04-22 20:38:45 DEBUG GUIController:275 - Ping received
2017-04-22 20:38:46 DEBUG GUIController:275 - Ping received
2017-04-22 20:38:47 DEBUG GUIController:275 - Ping received
2017-04-22 20:38:48 DEBUG GUIController:275 - Ping received
2017-04-22 20:38:49 DEBUG GUIController:275 - Ping received
2017-04-22 20:38:50 DEBUG GUIController:275 - Ping received
2017-04-22 20:38:51 DEBUG GUIController:275 - Ping received
2017-04-22 20:38:52 DEBUG GUIController:275 - Ping received
2017-04-22 20:38:53 DEBUG GUIController:275 - Ping received
2017-04-22 20:38:54 DEBUG GUIController:275 - Ping received
2017-04-22 20:38:55 DEBUG GUIController:275 - Ping received
2017-04-22 20:38:56 DEBUG GUIController:275 - Ping received
2017-04-22 20:38:57 DEBUG GUIController:275 - Ping received
2017-04-22 20:38:58 DEBUG GUIController:275 - Ping received
2017-04-22 20:38:59 DEBUG GUIController:275 - Ping received
2017-04-22 20:39:00 DEBUG GUIController:275 - Ping received
2017-04-22 20:39:01 DEBUG GUIController:275 - Ping received
2017-04-22 20:39:02 DEBUG GUIController:275 - Ping received
2017-04-22 20:39:03 DEBUG GUIController:275 - Ping received
2017-04-22 20:39:04 DEBUG GUIController:275 - Ping received
2017-04-22 20:39:05 DEBUG GUIController:275 - Ping received
2017-04-22 20:39:06 DEBUG GUIController:275 - Ping received
2017-04-22 20:39:07 DEBUG GUIController:275 - Ping received
2017-04-22 20:39:08 DEBUG GUIController:275 - Ping received
2017-04-22 20:39:09 DEBUG GUIController:275 - Ping received
2017-04-22 20:39:10 DEBUG GUIController:275 - Ping received
2017-04-22 20:39:11 DEBUG GUIController:275 - Ping received
2017-04-22 20:39:12 DEBUG GUIController:275 - Ping received
2017-04-22 20:39:13 DEBUG GUIController:275 - Ping received
2017-04-22 20:39:14 DEBUG GUIController:275 - Ping received
2017-04-22 20:39:15 DEBUG GUIController:275 - Ping received
2017-04-22 20:39:16 DEBUG GUIController:275 - Ping received
2017-04-22 20:39:17 DEBUG GUIController:275 - Ping received
2017-04-22 20:39:18 DEBUG GUIController:275 - Ping received
2017-04-22 20:39:19 DEBUG GUIController:275 - Ping received
2017-04-22 20:39:20 DEBUG GUIController:275 - Ping received
2017-04-22 20:39:21 DEBUG GUIController:275 - Ping received
2017-04-22 20:39:22 DEBUG GUIController:275 - Ping received
2017-04-22 20:39:23 DEBUG GUIController:275 - Ping received
2017-04-22 20:39:24 DEBUG GUIController:275 - Ping received
2017-04-22 20:39:25 DEBUG GUIController:275 - Ping received
2017-04-22 20:39:26 DEBUG GUIController:275 - Ping received
2017-04-22 20:39:27 DEBUG GUIController:275 - Ping received
2017-04-22 20:39:28 DEBUG GUIController:275 - Ping received
2017-04-22 20:39:29 DEBUG GUIController:275 - Ping received
2017-04-22 20:39:30 DEBUG GUIController:275 - Ping received
2017-04-22 20:39:31 DEBUG GUIController:275 - Ping received
2017-04-22 20:39:32 DEBUG GUIController:275 - Ping received
2017-04-22 20:39:33 DEBUG GUIController:275 - Ping received
2017-04-22 20:39:34 DEBUG GUIController:275 - Ping received
2017-04-22 20:39:35 DEBUG GUIController:275 - Ping received
2017-04-22 20:39:36 DEBUG GUIController:275 - Ping received
2017-04-22 20:39:37 DEBUG GUIController:275 - Ping received
2017-04-22 20:39:38 DEBUG GUIController:275 - Ping received
2017-04-22 20:39:39 DEBUG GUIController:275 - Ping received
2017-04-22 20:39:40 DEBUG GUIController:275 - Ping received
2017-04-22 20:39:41 DEBUG GUIController:275 - Ping received
2017-04-22 20:39:42 DEBUG GUIController:275 - Ping received
2017-04-22 20:39:43 DEBUG GUIController:275 - Ping received
2017-04-22 20:39:44 DEBUG GUIController:275 - Ping received
2017-04-22 20:39:45 DEBUG GUIController:275 - Ping received
2017-04-22 20:39:46 DEBUG GUIController:275 - Ping received
2017-04-22 20:39:47 DEBUG GUIController:275 - Ping received
2017-04-22 20:39:48 DEBUG GUIController:275 - Ping received
2017-04-22 20:39:49 DEBUG GUIController:275 - Ping received
2017-04-22 20:39:50 DEBUG GUIController:275 - Ping received
2017-04-22 20:39:51 DEBUG GUIController:275 - Ping received
2017-04-22 20:39:52 DEBUG GUIController:275 - Ping received
2017-04-22 20:39:53 DEBUG GUIController:275 - Ping received
2017-04-22 20:39:54 DEBUG GUIController:275 - Ping received
2017-04-22 20:39:55 DEBUG GUIController:275 - Ping received
2017-04-22 20:39:56 DEBUG GUIController:275 - Ping received
2017-04-22 20:39:57 DEBUG GUIController:275 - Ping received
2017-04-22 20:39:58 DEBUG GUIController:275 - Ping received
2017-04-22 20:39:59 DEBUG GUIController:275 - Ping received
2017-04-22 20:40:00 DEBUG GUIController:275 - Ping received
2017-04-22 20:40:01 DEBUG GUIController:275 - Ping received
2017-04-22 20:40:02 DEBUG GUIController:275 - Ping received
2017-04-22 20:40:03 DEBUG GUIController:275 - Ping received
2017-04-22 20:40:04 DEBUG GUIController:275 - Ping received
2017-04-22 20:40:05 DEBUG GUIController:275 - Ping received
2017-04-22 20:40:06 DEBUG GUIController:275 - Ping received
2017-04-22 20:40:07 DEBUG GUIController:275 - Ping received
2017-04-22 20:40:08 DEBUG GUIController:275 - Ping received
2017-04-22 20:40:09 DEBUG GUIController:275 - Ping received
2017-04-22 20:40:10 DEBUG GUIController:275 - Ping received
2017-04-22 20:40:11 DEBUG GUIController:275 - Ping received
2017-04-22 20:40:12 DEBUG GUIController:275 - Ping received
2017-04-22 20:40:13 DEBUG GUIController:275 - Ping received
2017-04-22 20:44:44 INFO  Main:25 - Starting GUI
2017-04-22 20:44:46 INFO  ServerFinder:131 - Found server on 10.1.1.72
2017-04-22 20:44:46 INFO  GUIController:98 - Server: 10.1.1.72
2017-04-22 20:44:46 INFO  Client:31 - Register Client @ 10.1.1.72
2017-04-22 20:44:46 INFO  Client:39 - Registered successful
2017-04-22 20:44:47 DEBUG GUIController:274 - Ping received
2017-04-22 20:44:48 DEBUG GUIController:274 - Ping received
2017-04-22 20:44:49 DEBUG GUIController:274 - Ping received
2017-04-22 20:44:50 DEBUG GUIController:274 - Ping received
2017-04-22 20:44:51 DEBUG GUIController:274 - Ping received
2017-04-22 20:44:52 DEBUG GUIController:274 - Ping received
2017-04-22 20:44:53 DEBUG GUIController:274 - Ping received
2017-04-22 20:44:54 DEBUG GUIController:274 - Ping received
2017-04-22 20:44:55 DEBUG GUIController:274 - Ping received
2017-04-22 20:44:56 DEBUG GUIController:274 - Ping received
2017-04-22 20:44:57 DEBUG GUIController:274 - Ping received
2017-04-22 20:44:58 DEBUG GUIController:274 - Ping received
2017-04-22 20:44:59 DEBUG GUIController:274 - Ping received
2017-04-22 20:45:00 DEBUG GUIController:274 - Ping received
2017-04-22 20:45:01 DEBUG GUIController:274 - Ping received
2017-04-22 20:45:02 DEBUG GUIController:274 - Ping received
2017-04-22 20:45:03 DEBUG GUIController:274 - Ping received
2017-04-22 20:45:04 DEBUG GUIController:274 - Ping received
2017-04-22 20:45:05 DEBUG GUIController:274 - Ping received
2017-04-22 20:45:06 DEBUG GUIController:274 - Ping received
2017-04-22 20:45:07 DEBUG GUIController:274 - Ping received
2017-04-22 20:45:08 DEBUG GUIController:274 - Ping received
2017-04-22 20:45:09 DEBUG GUIController:274 - Ping received
2017-04-22 20:45:10 DEBUG GUIController:274 - Ping received
2017-04-22 20:45:11 DEBUG GUIController:274 - Ping received
2017-04-22 20:45:12 DEBUG GUIController:274 - Ping received
2017-04-22 20:45:13 DEBUG GUIController:274 - Ping received
2017-04-22 20:45:14 DEBUG GUIController:274 - Ping received
2017-04-22 20:45:15 DEBUG GUIController:274 - Ping received
2017-04-22 20:45:16 DEBUG GUIController:274 - Ping received
2017-04-22 20:45:17 DEBUG GUIController:274 - Ping received
2017-04-22 20:45:18 DEBUG GUIController:274 - Ping received
2017-04-22 20:45:19 DEBUG GUIController:274 - Ping received
2017-04-22 20:45:20 DEBUG GUIController:274 - Ping received
2017-04-22 20:47:48 INFO  Main:25 - Starting GUI
2017-04-22 20:47:50 INFO  ServerFinder:131 - Found server on 10.1.1.72
2017-04-22 20:47:50 INFO  GUIController:98 - Server: 10.1.1.72
2017-04-22 20:47:50 INFO  Client:31 - Register Client @ 10.1.1.72
2017-04-22 20:47:50 INFO  Client:39 - Registered successful
2017-04-22 20:47:51 DEBUG GUIController:274 - Ping received
2017-04-22 20:47:52 DEBUG GUIController:274 - Ping received
2017-04-22 20:47:53 DEBUG GUIController:274 - Ping received
2017-04-22 20:47:54 DEBUG GUIController:274 - Ping received
2017-04-22 20:47:55 DEBUG GUIController:274 - Ping received
2017-04-22 20:47:56 DEBUG GUIController:274 - Ping received
2017-04-22 20:47:57 DEBUG GUIController:274 - Ping received
2017-04-22 20:47:58 DEBUG GUIController:274 - Ping received
2017-04-22 20:47:59 DEBUG GUIController:274 - Ping received
2017-04-22 20:48:00 DEBUG GUIController:274 - Ping received
2017-04-22 20:48:01 DEBUG GUIController:274 - Ping received
2017-04-22 20:48:02 DEBUG GUIController:274 - Ping received
2017-04-22 20:48:03 DEBUG GUIController:274 - Ping received
2017-04-22 20:48:04 DEBUG GUIController:274 - Ping received
2017-04-22 20:48:05 DEBUG GUIController:274 - Ping received
2017-04-22 20:48:06 DEBUG GUIController:274 - Ping received
2017-04-22 20:48:07 DEBUG GUIController:274 - Ping received
2017-04-22 20:48:08 DEBUG GUIController:274 - Ping received
2017-04-22 20:48:09 INFO  AddLightController:62 - Sending ON MESSAGE
2017-04-22 20:48:09 DEBUG GUIController:274 - Ping received
2017-04-22 20:48:10 DEBUG GUIController:274 - Ping received
2017-04-22 20:48:11 DEBUG GUIController:274 - Ping received
2017-04-22 20:48:12 DEBUG GUIController:274 - Ping received
2017-04-22 20:48:13 DEBUG GUIController:274 - Ping received
2017-04-22 20:48:14 INFO  AddLightController:147 - Adding Bulb to Server
2017-04-22 20:48:14 DEBUG GUIController:274 - Ping received
2017-04-22 20:48:15 DEBUG GUIController:274 - Ping received
2017-04-22 20:48:16 DEBUG GUIController:274 - Ping received
2017-04-22 20:48:17 DEBUG GUIController:274 - Ping received
2017-04-22 20:48:18 DEBUG GUIController:274 - Ping received
2017-04-22 20:48:19 DEBUG GUIController:274 - Ping received
2017-04-22 20:48:20 DEBUG GUIController:274 - Ping received
2017-04-22 20:48:21 DEBUG GUIController:274 - Ping received
2017-04-22 20:48:22 DEBUG GUIController:274 - Ping received
2017-04-22 20:48:23 DEBUG GUIController:274 - Ping received
2017-04-22 20:48:24 DEBUG GUIController:274 - Ping received
2017-04-22 20:48:25 DEBUG GUIController:274 - Ping received
2017-04-22 20:48:26 DEBUG GUIController:274 - Ping received
2017-04-22 20:48:27 DEBUG GUIController:274 - Ping received
2017-04-22 20:48:28 DEBUG GUIController:274 - Ping received
2017-04-22 20:48:29 DEBUG GUIController:274 - Ping received
2017-04-22 20:48:30 DEBUG GUIController:274 - Ping received
2017-04-22 20:48:31 DEBUG GUIController:274 - Ping received
2017-04-22 20:48:32 DEBUG GUIController:274 - Ping received
2017-04-22 20:48:33 DEBUG GUIController:274 - Ping received
2017-04-22 20:48:34 DEBUG GUIController:274 - Ping received
2017-04-22 20:48:35 DEBUG GUIController:274 - Ping received
2017-04-22 20:48:36 DEBUG GUIController:274 - Ping received
2017-04-22 20:48:37 DEBUG GUIController:274 - Ping received
2017-04-22 20:48:38 INFO  AddLightController:62 - Sending ON MESSAGE
2017-04-22 20:48:38 DEBUG GUIController:274 - Ping received
2017-04-22 20:48:39 DEBUG GUIController:274 - Ping received
2017-04-22 20:48:40 DEBUG GUIController:274 - Ping received
2017-04-22 20:48:41 DEBUG GUIController:274 - Ping received
2017-04-22 20:48:42 DEBUG GUIController:274 - Ping received
2017-04-22 20:48:43 DEBUG GUIController:274 - Ping received
2017-04-22 20:48:44 DEBUG GUIController:274 - Ping received
2017-04-22 20:48:45 INFO  AddLightController:147 - Adding Bulb to Server
2017-04-22 20:48:45 DEBUG GUIController:274 - Ping received
2017-04-22 20:48:46 DEBUG GUIController:274 - Ping received
2017-04-22 20:48:47 DEBUG GUIController:274 - Ping received
2017-04-22 20:48:48 DEBUG GUIController:274 - Ping received
2017-04-22 20:48:49 DEBUG GUIController:274 - Ping received
2017-04-22 20:48:50 DEBUG GUIController:274 - Ping received
2017-04-22 20:48:51 DEBUG GUIController:274 - Ping received
2017-04-22 20:48:52 DEBUG GUIController:274 - Ping received
2017-04-22 20:48:53 DEBUG GUIController:274 - Ping received
2017-04-22 20:48:54 DEBUG GUIController:274 - Ping received
2017-04-22 20:48:55 DEBUG GUIController:274 - Ping received
2017-04-22 20:48:56 DEBUG GUIController:274 - Ping received
2017-04-22 20:48:57 DEBUG GUIController:274 - Ping received
2017-04-22 20:48:58 DEBUG GUIController:274 - Ping received
2017-04-22 20:48:59 DEBUG GUIController:274 - Ping received
2017-04-22 20:49:00 INFO  AddLightController:62 - Sending ON MESSAGE
2017-04-22 20:49:00 DEBUG GUIController:274 - Ping received
2017-04-22 20:49:01 DEBUG GUIController:274 - Ping received
2017-04-22 20:49:02 DEBUG GUIController:274 - Ping received
2017-04-22 20:49:03 DEBUG GUIController:274 - Ping received
2017-04-22 20:49:04 INFO  AddLightController:147 - Adding Bulb to Server
2017-04-22 20:49:04 DEBUG GUIController:274 - Ping received
2017-04-22 20:49:05 DEBUG GUIController:274 - Ping received
2017-04-22 20:49:06 DEBUG GUIController:274 - Ping received
2017-04-22 20:49:07 DEBUG GUIController:274 - Ping received
2017-04-22 20:49:08 DEBUG GUIController:274 - Ping received
2017-04-22 20:49:09 DEBUG GUIController:274 - Ping received
2017-04-22 20:49:10 DEBUG GUIController:274 - Ping received
2017-04-22 20:49:11 DEBUG GUIController:274 - Ping received
2017-04-22 20:49:12 DEBUG GUIController:274 - Ping received
2017-04-22 20:49:13 DEBUG GUIController:274 - Ping received
2017-04-22 20:49:14 DEBUG GUIController:274 - Ping received
2017-04-22 20:49:15 DEBUG GUIController:274 - Ping received
2017-04-22 20:49:16 DEBUG GUIController:274 - Ping received
2017-04-22 20:49:17 DEBUG GUIController:274 - Ping received
2017-04-22 20:49:18 DEBUG GUIController:274 - Ping received
2017-04-22 20:49:19 DEBUG GUIController:274 - Ping received
2017-04-22 20:49:20 DEBUG GUIController:274 - Ping received
2017-04-22 20:49:21 DEBUG GUIController:274 - Ping received
2017-04-22 20:49:22 DEBUG GUIController:274 - Ping received
2017-04-22 20:49:23 DEBUG GUIController:274 - Ping received
2017-04-22 20:49:24 DEBUG GUIController:274 - Ping received
2017-04-22 20:49:25 DEBUG GUIController:274 - Ping received
2017-04-22 20:49:26 DEBUG GUIController:274 - Ping received
2017-04-22 20:49:27 DEBUG GUIController:274 - Ping received
2017-04-22 20:49:28 DEBUG GUIController:274 - Ping received
2017-04-22 20:49:29 DEBUG GUIController:274 - Ping received
2017-04-22 20:49:30 DEBUG GUIController:274 - Ping received
2017-04-22 20:49:31 DEBUG GUIController:274 - Ping received
2017-04-22 20:49:32 DEBUG GUIController:274 - Ping received
2017-04-22 20:49:33 DEBUG GUIController:274 - Ping received
2017-04-22 20:49:34 DEBUG GUIController:274 - Ping received
2017-04-22 20:49:35 DEBUG GUIController:274 - Ping received
2017-04-22 20:49:36 DEBUG GUIController:274 - Ping received
2017-04-22 20:49:38 DEBUG GUIController:274 - Ping received
2017-04-22 20:49:39 DEBUG GUIController:274 - Ping received
2017-04-22 20:49:40 DEBUG GUIController:274 - Ping received
2017-04-22 20:49:41 DEBUG GUIController:274 - Ping received
2017-04-22 20:49:42 DEBUG GUIController:274 - Ping received
2017-04-22 20:49:43 DEBUG GUIController:274 - Ping received
2017-04-22 20:49:44 DEBUG GUIController:274 - Ping received
2017-04-22 20:49:45 DEBUG GUIController:274 - Ping received
2017-04-22 20:49:46 DEBUG GUIController:274 - Ping received
2017-04-22 20:49:47 DEBUG GUIController:274 - Ping received
2017-04-22 20:49:48 DEBUG GUIController:274 - Ping received
2017-04-22 20:49:49 DEBUG GUIController:274 - Ping received
2017-04-22 20:49:50 DEBUG GUIController:274 - Ping received
2017-04-22 20:49:51 DEBUG GUIController:274 - Ping received
2017-04-22 20:49:52 DEBUG GUIController:274 - Ping received
2017-04-22 20:49:53 DEBUG GUIController:274 - Ping received
2017-04-22 20:49:54 DEBUG GUIController:274 - Ping received
2017-04-22 20:49:55 DEBUG GUIController:274 - Ping received
2017-04-22 20:49:58 INFO  Main:25 - Starting GUI
2017-04-22 20:50:02 INFO  ServerFinder:131 - Found server on 10.1.1.72
2017-04-22 20:50:02 INFO  GUIController:98 - Server: 10.1.1.72
2017-04-22 20:50:02 INFO  Client:31 - Register Client @ 10.1.1.72
2017-04-22 20:50:02 INFO  Client:39 - Registered successful
2017-04-22 20:50:02 DEBUG GUIController:274 - Ping received
2017-04-22 20:50:03 DEBUG GUIController:274 - Ping received
2017-04-22 20:50:04 DEBUG GUIController:274 - Ping received
2017-04-22 20:50:05 DEBUG GUIController:274 - Ping received
2017-04-22 20:50:06 DEBUG GUIController:274 - Ping received
2017-04-22 20:50:07 DEBUG GUIController:274 - Ping received
2017-04-22 20:50:08 DEBUG GUIController:274 - Ping received
2017-04-22 20:50:09 DEBUG GUIController:274 - Ping received
2017-04-22 20:50:10 DEBUG GUIController:274 - Ping received
2017-04-22 20:50:11 DEBUG GUIController:274 - Ping received
2017-04-22 20:50:12 DEBUG GUIController:274 - Ping received
2017-04-22 20:50:13 DEBUG GUIController:274 - Ping received
2017-04-22 20:50:14 DEBUG GUIController:274 - Ping received
2017-04-22 20:50:15 DEBUG GUIController:274 - Ping received
2017-04-22 20:50:16 DEBUG GUIController:274 - Ping received
2017-04-22 20:50:17 DEBUG GUIController:274 - Ping received
2017-04-22 20:50:18 INFO  AddLightController:62 - Sending ON MESSAGE
2017-04-22 20:50:18 DEBUG GUIController:274 - Ping received
2017-04-22 20:50:19 DEBUG GUIController:274 - Ping received
2017-04-22 20:50:20 DEBUG GUIController:274 - Ping received
2017-04-22 20:50:21 DEBUG GUIController:274 - Ping received
2017-04-22 20:50:22 DEBUG GUIController:274 - Ping received
2017-04-22 20:50:23 DEBUG GUIController:274 - Ping received
2017-04-22 20:50:24 DEBUG GUIController:274 - Ping received
2017-04-22 20:50:25 DEBUG GUIController:274 - Ping received
2017-04-22 20:50:27 DEBUG GUIController:274 - Ping received
2017-04-22 20:50:28 DEBUG GUIController:274 - Ping received
2017-04-22 20:50:29 DEBUG GUIController:274 - Ping received
2017-04-22 20:50:30 DEBUG GUIController:274 - Ping received
2017-04-22 20:50:31 DEBUG GUIController:274 - Ping received
2017-04-22 20:50:32 DEBUG GUIController:274 - Ping received
2017-04-22 20:50:33 DEBUG GUIController:274 - Ping received
2017-04-22 20:50:34 DEBUG GUIController:274 - Ping received
2017-04-22 20:50:35 DEBUG GUIController:274 - Ping received
2017-04-22 20:50:36 DEBUG GUIController:274 - Ping received
2017-04-22 20:50:37 DEBUG GUIController:274 - Ping received
2017-04-22 20:50:38 DEBUG GUIController:274 - Ping received
2017-04-22 20:50:39 DEBUG GUIController:274 - Ping received
2017-04-22 20:50:40 DEBUG GUIController:274 - Ping received
2017-04-22 20:50:41 DEBUG GUIController:274 - Ping received
2017-04-22 20:50:42 DEBUG GUIController:274 - Ping received
2017-04-22 20:50:43 DEBUG GUIController:274 - Ping received
2017-04-22 20:50:44 DEBUG GUIController:274 - Ping received
2017-04-22 20:50:45 DEBUG GUIController:274 - Ping received
2017-04-22 20:50:46 DEBUG GUIController:274 - Ping received
2017-04-22 20:50:47 DEBUG GUIController:274 - Ping received
2017-04-22 20:50:48 DEBUG GUIController:274 - Ping received
2017-04-22 20:50:49 DEBUG GUIController:274 - Ping received
2017-04-22 20:50:50 DEBUG GUIController:274 - Ping received
2017-04-22 20:50:51 DEBUG GUIController:274 - Ping received
2017-04-22 20:50:52 DEBUG GUIController:274 - Ping received
2017-04-22 20:50:53 DEBUG GUIController:274 - Ping received
2017-04-22 20:50:54 DEBUG GUIController:274 - Ping received
2017-04-22 20:50:55 DEBUG GUIController:274 - Ping received
2017-04-22 20:50:56 DEBUG GUIController:274 - Ping received
2017-04-22 20:50:57 DEBUG GUIController:274 - Ping received
2017-04-22 20:50:58 DEBUG GUIController:274 - Ping received
2017-04-22 20:50:59 DEBUG GUIController:274 - Ping received
2017-04-22 20:51:00 DEBUG GUIController:274 - Ping received
2017-04-22 20:51:01 DEBUG GUIController:274 - Ping received
2017-04-22 20:51:02 DEBUG GUIController:274 - Ping received
2017-04-22 20:51:03 DEBUG GUIController:274 - Ping received
2017-04-22 20:51:04 DEBUG GUIController:274 - Ping received
2017-04-22 20:51:05 DEBUG GUIController:274 - Ping received
2017-04-22 20:51:06 DEBUG GUIController:274 - Ping received
2017-04-22 20:51:07 DEBUG GUIController:274 - Ping received
2017-04-22 20:51:08 DEBUG GUIController:274 - Ping received
2017-04-22 20:51:09 DEBUG GUIController:274 - Ping received
2017-04-22 20:51:10 DEBUG GUIController:274 - Ping received
2017-04-22 20:51:10 INFO  AddLightController:147 - Adding Bulb to Server
2017-04-22 20:51:11 DEBUG GUIController:274 - Ping received
2017-04-22 20:51:12 DEBUG GUIController:274 - Ping received
2017-04-22 20:51:13 DEBUG GUIController:274 - Ping received
2017-04-22 20:51:14 DEBUG GUIController:274 - Ping received
2017-04-22 20:51:15 DEBUG GUIController:274 - Ping received
2017-04-22 20:51:16 DEBUG GUIController:274 - Ping received
2017-04-22 20:51:17 DEBUG GUIController:274 - Ping received
2017-04-22 20:51:18 DEBUG GUIController:274 - Ping received
2017-04-22 20:51:19 DEBUG GUIController:274 - Ping received
2017-04-22 20:51:20 DEBUG GUIController:274 - Ping received
2017-04-22 20:51:21 DEBUG GUIController:274 - Ping received
2017-04-22 20:51:22 DEBUG GUIController:274 - Ping received
2017-04-22 20:51:23 DEBUG GUIController:274 - Ping received
2017-04-22 20:51:24 DEBUG GUIController:274 - Ping received
2017-04-22 20:51:25 DEBUG GUIController:274 - Ping received
2017-04-22 20:51:26 DEBUG GUIController:274 - Ping received
2017-04-22 20:51:27 DEBUG GUIController:274 - Ping received
2017-04-22 20:51:28 DEBUG GUIController:274 - Ping received
2017-04-22 20:51:29 DEBUG GUIController:274 - Ping received
2017-04-22 20:51:30 DEBUG GUIController:274 - Ping received
2017-04-22 20:51:31 DEBUG GUIController:274 - Ping received
2017-04-22 20:51:32 DEBUG GUIController:274 - Ping received
2017-04-22 20:51:33 DEBUG GUIController:274 - Ping received
2017-04-22 20:51:34 DEBUG GUIController:274 - Ping received
2017-04-22 20:51:35 DEBUG GUIController:274 - Ping received
2017-04-22 20:51:36 DEBUG GUIController:274 - Ping received
2017-04-22 20:51:37 DEBUG GUIController:274 - Ping received
2017-04-22 20:51:38 DEBUG GUIController:274 - Ping received
2017-04-22 20:51:39 DEBUG GUIController:274 - Ping received
2017-04-22 20:51:40 DEBUG GUIController:274 - Ping received
2017-04-22 20:51:41 DEBUG GUIController:274 - Ping received
2017-04-22 20:51:42 DEBUG GUIController:274 - Ping received
2017-04-22 20:51:43 DEBUG GUIController:274 - Ping received
2017-04-22 20:51:44 DEBUG GUIController:274 - Ping received
2017-04-22 20:51:45 DEBUG GUIController:274 - Ping received
2017-04-22 20:51:46 DEBUG GUIController:274 - Ping received
2017-04-22 20:51:47 DEBUG GUIController:274 - Ping received
2017-04-22 20:51:48 DEBUG GUIController:274 - Ping received
2017-04-22 20:51:49 DEBUG GUIController:274 - Ping received
2017-04-22 20:51:50 DEBUG GUIController:274 - Ping received
2017-04-22 20:51:51 DEBUG GUIController:274 - Ping received
2017-04-22 20:51:52 DEBUG GUIController:274 - Ping received
2017-04-22 20:51:53 DEBUG GUIController:274 - Ping received
2017-04-22 20:51:54 DEBUG GUIController:274 - Ping received
2017-04-22 20:51:55 DEBUG GUIController:274 - Ping received
2017-04-22 20:51:56 DEBUG GUIController:274 - Ping received
2017-04-22 20:51:57 DEBUG GUIController:274 - Ping received
2017-04-22 20:51:58 DEBUG GUIController:274 - Ping received
2017-04-22 20:51:59 DEBUG GUIController:274 - Ping received
2017-04-22 20:52:00 DEBUG GUIController:274 - Ping received
2017-04-22 20:52:01 DEBUG GUIController:274 - Ping received
2017-04-22 20:52:02 DEBUG GUIController:274 - Ping received
2017-04-22 20:52:03 DEBUG GUIController:274 - Ping received
2017-04-22 20:52:04 DEBUG GUIController:274 - Ping received
2017-04-22 20:52:05 DEBUG GUIController:274 - Ping received
2017-04-22 20:52:06 DEBUG GUIController:274 - Ping received
2017-04-22 20:52:07 DEBUG GUIController:274 - Ping received
2017-04-22 20:52:08 DEBUG GUIController:274 - Ping received
2017-04-22 20:52:09 DEBUG GUIController:274 - Ping received
2017-04-22 20:52:10 DEBUG GUIController:274 - Ping received
2017-04-22 20:52:11 DEBUG GUIController:274 - Ping received
2017-04-22 20:52:12 DEBUG GUIController:274 - Ping received
2017-04-22 20:52:13 DEBUG GUIController:274 - Ping received
2017-04-22 20:52:14 DEBUG GUIController:274 - Ping received
2017-04-22 20:52:15 DEBUG GUIController:274 - Ping received
2017-04-22 20:52:16 DEBUG GUIController:274 - Ping received
2017-04-22 20:52:17 DEBUG GUIController:274 - Ping received
2017-04-22 20:52:18 DEBUG GUIController:274 - Ping received
2017-04-22 20:52:19 DEBUG GUIController:274 - Ping received
2017-04-22 20:52:20 DEBUG GUIController:274 - Ping received
2017-04-22 20:52:21 DEBUG GUIController:274 - Ping received
2017-04-22 20:52:22 DEBUG GUIController:274 - Ping received
2017-04-22 20:52:23 DEBUG GUIController:274 - Ping received
2017-04-22 20:52:24 DEBUG GUIController:274 - Ping received
2017-04-22 20:52:25 DEBUG GUIController:274 - Ping received
2017-04-22 20:52:26 DEBUG GUIController:274 - Ping received
2017-04-22 20:52:27 DEBUG GUIController:274 - Ping received
2017-04-22 20:52:28 DEBUG GUIController:274 - Ping received
2017-04-22 20:52:29 DEBUG GUIController:274 - Ping received
2017-04-22 20:52:30 DEBUG GUIController:274 - Ping received
2017-04-22 20:52:31 DEBUG GUIController:274 - Ping received
2017-04-22 20:52:32 DEBUG GUIController:274 - Ping received
2017-04-22 20:52:33 DEBUG GUIController:274 - Ping received
2017-04-22 20:52:35 DEBUG GUIController:274 - Ping received
2017-04-22 20:52:36 DEBUG GUIController:274 - Ping received
2017-04-22 20:52:37 DEBUG GUIController:274 - Ping received
2017-04-22 20:52:38 DEBUG GUIController:274 - Ping received
2017-04-22 20:52:39 DEBUG GUIController:274 - Ping received
2017-04-22 20:52:40 DEBUG GUIController:274 - Ping received
2017-04-22 20:52:41 DEBUG GUIController:274 - Ping received
2017-04-22 20:52:42 DEBUG GUIController:274 - Ping received
2017-04-22 20:52:43 DEBUG GUIController:274 - Ping received
2017-04-22 20:52:44 DEBUG GUIController:274 - Ping received
2017-04-22 20:52:45 DEBUG GUIController:274 - Ping received
2017-04-22 20:52:46 DEBUG GUIController:274 - Ping received
2017-04-22 20:52:47 DEBUG GUIController:274 - Ping received
2017-04-22 20:52:48 DEBUG GUIController:274 - Ping received
2017-04-22 20:52:49 DEBUG GUIController:274 - Ping received
2017-04-22 20:52:50 DEBUG GUIController:274 - Ping received
2017-04-22 20:52:51 DEBUG GUIController:274 - Ping received
2017-04-22 20:52:52 DEBUG GUIController:274 - Ping received
2017-04-22 20:52:53 DEBUG GUIController:274 - Ping received
2017-04-22 20:52:54 DEBUG GUIController:274 - Ping received
2017-04-22 20:52:55 DEBUG GUIController:274 - Ping received
2017-04-22 20:52:56 DEBUG GUIController:274 - Ping received
2017-04-22 20:52:57 DEBUG GUIController:274 - Ping received
2017-04-22 20:52:58 DEBUG GUIController:274 - Ping received
2017-04-22 20:52:59 DEBUG GUIController:274 - Ping received
2017-04-22 20:53:00 DEBUG GUIController:274 - Ping received
2017-04-22 20:53:01 DEBUG GUIController:274 - Ping received
2017-04-22 20:53:02 DEBUG GUIController:274 - Ping received
2017-04-22 20:53:03 DEBUG GUIController:274 - Ping received
2017-04-22 20:53:04 DEBUG GUIController:274 - Ping received
2017-04-22 20:53:05 DEBUG GUIController:274 - Ping received
2017-04-22 20:53:06 DEBUG GUIController:274 - Ping received
2017-04-22 20:53:07 DEBUG GUIController:274 - Ping received
2017-04-22 20:53:08 DEBUG GUIController:274 - Ping received
2017-04-22 20:53:09 DEBUG GUIController:274 - Ping received
2017-04-22 20:53:10 DEBUG GUIController:274 - Ping received
2017-04-22 20:53:11 DEBUG GUIController:274 - Ping received
2017-04-22 20:53:12 DEBUG GUIController:274 - Ping received
2017-04-22 20:53:13 DEBUG GUIController:274 - Ping received
2017-04-22 20:53:14 DEBUG GUIController:274 - Ping received
2017-04-22 20:53:15 DEBUG GUIController:274 - Ping received
2017-04-22 20:53:16 DEBUG GUIController:274 - Ping received
2017-04-22 20:53:17 DEBUG GUIController:274 - Ping received
2017-04-22 20:53:18 DEBUG GUIController:274 - Ping received
2017-04-22 20:53:19 DEBUG GUIController:274 - Ping received
2017-04-22 20:53:20 DEBUG GUIController:274 - Ping received
2017-04-22 20:53:21 DEBUG GUIController:274 - Ping received
2017-04-22 20:53:22 DEBUG GUIController:274 - Ping received
2017-04-22 20:53:23 DEBUG GUIController:274 - Ping received
2017-04-22 20:53:24 DEBUG GUIController:274 - Ping received
2017-04-22 20:53:25 DEBUG GUIController:274 - Ping received
2017-04-22 20:53:26 DEBUG GUIController:274 - Ping received
2017-04-22 20:53:27 DEBUG GUIController:274 - Ping received
2017-04-22 20:53:28 DEBUG GUIController:274 - Ping received
2017-04-22 20:53:29 DEBUG GUIController:274 - Ping received
2017-04-22 20:53:30 DEBUG GUIController:274 - Ping received
2017-04-22 20:53:31 DEBUG GUIController:274 - Ping received
2017-04-22 20:53:32 DEBUG GUIController:274 - Ping received
2017-04-22 20:53:33 DEBUG GUIController:274 - Ping received
2017-04-22 20:53:34 DEBUG GUIController:274 - Ping received
2017-04-22 20:53:35 DEBUG GUIController:274 - Ping received
2017-04-22 20:53:36 DEBUG GUIController:274 - Ping received
2017-04-22 20:53:37 DEBUG GUIController:274 - Ping received
2017-04-22 20:53:38 DEBUG GUIController:274 - Ping received
2017-04-22 20:53:39 DEBUG GUIController:274 - Ping received
2017-04-22 20:53:40 DEBUG GUIController:274 - Ping received
2017-04-22 20:53:41 DEBUG GUIController:274 - Ping received
2017-04-22 20:53:42 DEBUG GUIController:274 - Ping received
2017-04-22 20:53:43 DEBUG GUIController:274 - Ping received
2017-04-22 20:53:44 DEBUG GUIController:274 - Ping received
2017-04-22 20:53:45 DEBUG GUIController:274 - Ping received
2017-04-22 20:53:46 DEBUG GUIController:274 - Ping received
2017-04-22 20:53:47 DEBUG GUIController:274 - Ping received
2017-04-22 20:53:48 DEBUG GUIController:274 - Ping received
2017-04-22 20:53:49 DEBUG GUIController:274 - Ping received
2017-04-22 20:53:50 DEBUG GUIController:274 - Ping received
2017-04-22 20:53:51 DEBUG GUIController:274 - Ping received
2017-04-22 20:53:52 DEBUG GUIController:274 - Ping received
2017-04-22 20:53:53 DEBUG GUIController:277 - Ping received
2017-04-22 20:53:54 DEBUG GUIController:277 - Ping received
2017-04-22 20:54:13 INFO  Main:25 - Starting GUI
2017-04-22 20:54:15 INFO  ServerFinder:131 - Found server on 10.1.1.72
2017-04-22 20:54:15 INFO  GUIController:99 - Server: 10.1.1.72
2017-04-22 20:54:15 INFO  Client:31 - Register Client @ 10.1.1.72
2017-04-22 20:54:15 INFO  Client:39 - Registered successful
2017-04-22 20:54:15 DEBUG GUIController:277 - Ping received
2017-04-22 20:54:17 DEBUG GUIController:277 - Ping received
2017-04-22 20:54:18 DEBUG GUIController:277 - Ping received
2017-04-22 20:54:19 DEBUG GUIController:277 - Ping received
2017-04-22 20:54:20 DEBUG GUIController:277 - Ping received
2017-04-22 20:54:21 DEBUG GUIController:277 - Ping received
2017-04-22 20:54:22 DEBUG GUIController:277 - Ping received
2017-04-22 20:54:23 DEBUG GUIController:277 - Ping received
2017-04-22 20:54:24 DEBUG GUIController:277 - Ping received
2017-04-22 20:54:25 DEBUG GUIController:277 - Ping received
2017-04-22 20:54:26 DEBUG GUIController:277 - Ping received
2017-04-22 20:54:27 DEBUG GUIController:277 - Ping received
2017-04-22 20:54:28 DEBUG GUIController:277 - Ping received
2017-04-22 20:54:29 DEBUG GUIController:277 - Ping received
2017-04-22 20:54:30 DEBUG GUIController:277 - Ping received
2017-04-22 20:54:31 DEBUG GUIController:277 - Ping received
2017-04-22 20:54:32 DEBUG GUIController:277 - Ping received
2017-04-22 20:54:33 DEBUG GUIController:277 - Ping received
2017-04-22 20:54:34 DEBUG GUIController:277 - Ping received
2017-04-22 20:54:35 DEBUG GUIController:277 - Ping received
2017-04-22 20:54:36 DEBUG GUIController:277 - Ping received
2017-04-22 20:54:37 DEBUG GUIController:277 - Ping received
2017-04-22 20:54:38 DEBUG GUIController:277 - Ping received
2017-04-22 20:54:39 DEBUG GUIController:277 - Ping received
2017-04-22 20:54:40 DEBUG GUIController:277 - Ping received
2017-04-22 20:54:41 DEBUG GUIController:277 - Ping received
2017-04-22 20:54:42 DEBUG GUIController:277 - Ping received
2017-04-22 20:54:43 DEBUG GUIController:277 - Ping received
2017-04-22 20:54:44 DEBUG GUIController:277 - Ping received
2017-04-22 20:54:45 DEBUG GUIController:277 - Ping received
2017-04-22 20:54:46 DEBUG GUIController:277 - Ping received
2017-04-22 20:54:47 DEBUG GUIController:277 - Ping received
2017-04-22 20:54:48 DEBUG GUIController:277 - Ping received
2017-04-22 20:54:49 DEBUG GUIController:277 - Ping received
2017-04-22 20:54:50 DEBUG GUIController:277 - Ping received
2017-04-22 20:54:51 DEBUG GUIController:277 - Ping received
2017-04-22 20:54:52 DEBUG GUIController:277 - Ping received
2017-04-22 20:54:53 DEBUG GUIController:277 - Ping received
2017-04-22 20:54:54 DEBUG GUIController:277 - Ping received
2017-04-22 20:54:55 DEBUG GUIController:277 - Ping received
2017-04-22 20:54:56 DEBUG GUIController:277 - Ping received
2017-04-22 20:54:57 DEBUG GUIController:277 - Ping received
2017-04-22 20:54:58 DEBUG GUIController:277 - Ping received
2017-04-22 20:54:59 DEBUG GUIController:277 - Ping received
2017-04-22 20:55:00 DEBUG GUIController:277 - Ping received
2017-04-22 20:55:01 DEBUG GUIController:277 - Ping received
2017-04-22 20:55:02 DEBUG GUIController:277 - Ping received
2017-04-22 20:55:03 DEBUG GUIController:277 - Ping received
2017-04-22 20:55:04 DEBUG GUIController:277 - Ping received
2017-04-22 20:55:05 DEBUG GUIController:277 - Ping received
2017-04-22 20:55:06 DEBUG GUIController:277 - Ping received
2017-04-22 20:55:07 DEBUG GUIController:277 - Ping received
2017-04-22 20:55:08 DEBUG GUIController:277 - Ping received
2017-04-22 20:55:08 INFO  Main:44 - Terminating client
